\BOOKMARK [0][-]{section*.2}{\376\377\144\130\211\201}{}% 1
\BOOKMARK [0][-]{section*.3}{\376\377\000A\000b\000s\000t\000r\000a\000c\000t}{}% 2
\BOOKMARK [0][-]{chapter.1}{\376\377\227\122\155\167\131\047\133\146\000\040\000L\000a\000T\000e\000X\152\041\147\177}{}% 3
\BOOKMARK [1][-]{section.1.1}{\376\377\000W\000h\000y\000\040\000L\000a\000T\000e\000X\000?\000\040}{chapter.1}% 4
\BOOKMARK [2][-]{subsection.1.1.1}{\376\377\220\011\230\230\200\314\146\157\116\016\141\017\116\111\377\010\126\333\123\367\116\377\133\213\377\011}{section.1.1}% 5
\BOOKMARK [2][-]{subsection.1.1.2}{\376\377\126\375\121\205\131\026\170\024\172\166\163\260\162\266}{section.1.1}% 6
\BOOKMARK [0][-]{chapter.2}{\376\377\142\021\146\057\116\000\176\247\150\007\230\230}{}% 7
\BOOKMARK [1][-]{section.2.1}{\376\377\142\021\146\057\116\214\176\247\150\007\230\230}{chapter.2}% 8
\BOOKMARK [2][-]{subsection.2.1.1}{\376\377\142\021\146\057\116\011\176\247\150\007\230\230}{section.2.1}% 9
\BOOKMARK [0][-]{chapter.3}{\376\377\174\373\176\337\221\115\177\156}{}% 10
\BOOKMARK [0][-]{chapter.4}{\376\377\152\041\147\177\117\177\165\050}{}% 11
\BOOKMARK [1][-]{section.4.1}{\376\377\152\041\147\177\145\207\116\366\176\323\147\204}{chapter.4}% 12
\BOOKMARK [1][-]{section.4.2}{\376\377\171\072\117\213}{chapter.4}% 13
\BOOKMARK [2][-]{subsection.4.2.1}{\376\377\121\154\137\017}{section.4.2}% 14
\BOOKMARK [2][-]{subsection.4.2.2}{\376\377\210\150\150\074}{section.4.2}% 15
\BOOKMARK [2][-]{subsection.4.2.3}{\376\377\126\376\137\142}{section.4.2}% 16
\BOOKMARK [2][-]{subsection.4.2.4}{\376\377\137\025\165\050}{section.4.2}% 17
\BOOKMARK [2][-]{subsection.4.2.5}{\376\377\117\052\116\343\170\001\133\236\163\260}{section.4.2}% 18
\BOOKMARK [2][-]{subsection.4.2.6}{\376\377\116\343\170\001\134\125\171\072}{section.4.2}% 19
\BOOKMARK [1][-]{section.4.3}{\376\377\117\235\215\126}{chapter.4}% 20
\BOOKMARK [1][-]{section.4.4}{\376\377\127\372\147\054\213\276\177\156}{chapter.4}% 21
\BOOKMARK [0][-]{chapter.5}{\376\377\173\200\123\125\136\056\122\251}{}% 22
\BOOKMARK [1][-]{section.5.1}{\376\377\145\207\133\127\124\175\116\344}{chapter.5}% 23
\BOOKMARK [2][-]{subsection.5.1.1}{\376\377\136\070\165\050\124\175\116\344}{section.5.1}% 24
\BOOKMARK [0][-]{subsubsection.5.1.1.2}{\376\377\123\302\200\003\145\207\163\056}{}% 25
\BOOKMARK [0][-]{subsubsection.5.1.1.2}{\376\377\201\364\214\042}{}% 26
\BOOKMARK [0][-]{chapter*.10}{\376\377\226\104\137\125}{}% 27
